Build started 08.06.2022 22:22:24.
     1>Project "D:\Учеба\Программирование\Проекты c++\ОПBL_MM\ОПBL_MM\ОПBL_MM.vcxproj" on node 2 (build target(s)).
     1>InitializeBuildStatus:
         Creating "Debug\ОПBL_MM.unsuccessfulbuild" because "AlwaysCreate" was specified.
       ClCompile:
         d:\Program Files (x86)\Microsoft Visual Studio 10.0\VC\bin\CL.exe /c /ZI /nologo /W3 /WX- /Od /Oy- /D _UNICODE /D UNICODE /Gm /EHsc /RTC1 /MDd /GS /fp:precise /Zc:wchar_t /Zc:forScope /openmp /Fo"Debug\\" /Fd"Debug\vc100.pdb" /Gd /TP /analyze- /errorReport:prompt main.cpp
         main.cpp
     1>d:\учеба\программирование\проекты c++\опbl_mm\опbl_mm\main.cpp(12): error C2143: syntax error : missing ';' before '++'
     1>d:\учеба\программирование\проекты c++\опbl_mm\опbl_mm\main.cpp(12): error C4430: missing type specifier - int assumed. Note: C++ does not support default-int
     1>d:\учеба\программирование\проекты c++\опbl_mm\опbl_mm\main.cpp(36): warning C4018: '<' : signed/unsigned mismatch
     1>d:\учеба\программирование\проекты c++\опbl_mm\опbl_mm\main.cpp(79): warning C4018: '<' : signed/unsigned mismatch
     1>d:\учеба\программирование\проекты c++\опbl_mm\опbl_mm\main.cpp(121): warning C4018: '<' : signed/unsigned mismatch
     1>d:\учеба\программирование\проекты c++\опbl_mm\опbl_mm\main.cpp(163): warning C4018: '<' : signed/unsigned mismatch
     1>d:\учеба\программирование\проекты c++\опbl_mm\опbl_mm\main.cpp(205): warning C4244: 'argument' : conversion from 'time_t' to 'unsigned int', possible loss of data
     1>Done Building Project "D:\Учеба\Программирование\Проекты c++\ОПBL_MM\ОПBL_MM\ОПBL_MM.vcxproj" (build target(s)) -- FAILED.

Build FAILED.

Time Elapsed 00:00:00.48
